INFO Watching for file changes with StatReloader
DEBUG Waiting for apps ready_event.
DEBUG Apps ready_event triggered. Sending autoreload_started signal.
DEBUG Watching dir E:\Python\Personal\django_logger\templates with glob **/*.
DEBUG Watching dir E:\Python\Personal\django_logger\employee\templates with glob **/*.
DEBUG Watching dir E:\Python\Personal\django_logger\locale with glob **/*.mo.
DEBUG Watching dir E:\Python\Personal\django_logger\employee\locale with glob **/*.mo.
DEBUG (0.000) 
            SELECT name, type FROM sqlite_master
            WHERE type in ('table', 'view') AND NOT name='sqlite_sequence'
            ORDER BY name; args=None
DEBUG (0.000) SELECT "django_migrations"."id", "django_migrations"."app", "django_migrations"."name", "django_migrations"."applied" FROM "django_migrations"; args=()
DEBUG File E:\Python\Envs\doubledb\Lib\site-packages\django\core\handlers\exception.py first seen with mtime 1622524228.7622457
DEBUG File E:\Python\Envs\doubledb\Lib\site-packages\django\utils\functional.py first seen with mtime 1622524228.9528427
DEBUG File C:\Users\Akash\AppData\Local\Programs\Python\Python38\Lib\http\server.py first seen with mtime 1589389958.0
DEBUG File C:\Users\Akash\AppData\Local\Programs\Python\Python38\Lib\locale.py first seen with mtime 1589389958.0
DEBUG File C:\Users\Akash\AppData\Local\Programs\Python\Python38\Lib\quopri.py first seen with mtime 1589389960.0
DEBUG File E:\Python\Envs\doubledb\Lib\site-packages\sqlparse\filters\aligned_indent.py first seen with mtime 1636372640.9634562
DEBUG File E:\Python\Envs\doubledb\Lib\site-packages\django\template\exceptions.py first seen with mtime 1622524228.9170487
DEBUG File E:\Python\Envs\doubledb\Lib\site-packages\django\utils\timezone.py first seen with mtime 1622524228.961843
DEBUG File C:\Users\Akash\AppData\Local\Programs\Python\Python38\Lib\importlib\util.py first seen with mtime 1589389958.0
DEBUG File E:\Python\Envs\doubledb\Lib\site-packages\django\forms\models.py first seen with mtime 1622524228.870466
DEBUG File C:\Users\Akash\AppData\Local\Programs\Python\Python38\Lib\email\__init__.py first seen with mtime 1589389958.0
DEBUG File C:\Users\Akash\AppData\Local\Programs\Python\Python38\Lib\platform.py first seen with mtime 1589389960.0
DEBUG File C:\Users\Akash\AppData\Local\Programs\Python\Python38\Lib\urllib\request.py first seen with mtime 1589389960.0
DEBUG File E:\Python\Envs\doubledb\Lib\site-packages\django\core\cache\backends\locmem.py first seen with mtime 1622524228.7462454
DEBUG File C:\Users\Akash\AppData\Local\Programs\Python\Python38\Lib\signal.py first seen with mtime 1589389960.0
DEBUG File E:\Python\Envs\doubledb\Lib\site-packages\django\utils\log.py first seen with mtime 1622524228.956843
DEBUG File C:\Users\Akash\AppData\Local\Programs\Python\Python38\Lib\email\feedparser.py first seen with mtime 1589389958.0
DEBUG File C:\Users\Akash\AppData\Local\Programs\Python\Python38\Lib\ctypes\wintypes.py first seen with mtime 1589389958.0
DEBUG File E:\Python\Envs\doubledb\Lib\site-packages\django\db\migrations\migration.py first seen with mtime 1622524228.8314657
DEBUG File E:\Python\Envs\doubledb\Lib\site-packages\sqlparse\keywords.py first seen with mtime 1636372640.955128
DEBUG File E:\Python\Envs\doubledb\Lib\site-packages\sqlparse\sql.py first seen with mtime 1636372640.959384
DEBUG File E:\Python\Envs\doubledb\Lib\site-packages\django\forms\widgets.py first seen with mtime 1622524228.8724656
DEBUG File E:\Python\Envs\doubledb\Lib\site-packages\django\views\__init__.py first seen with mtime 1622524228.9678428
DEBUG File C:\Users\Akash\AppData\Local\Programs\Python\Python38\Lib\keyword.py first seen with mtime 1589389958.0
DEBUG File E:\Python\Envs\doubledb\Lib\site-packages\sqlparse\filters\tokens.py first seen with mtime 1636372640.967414
DEBUG File E:\Python\Envs\doubledb\Lib\site-packages\sqlparse\filters\right_margin.py first seen with mtime 1636372640.967414
DEBUG File E:\Python\Envs\doubledb\Lib\site-packages\sqlparse\tokens.py first seen with mtime 1636372640.959384
DEBUG File E:\Python\Envs\doubledb\Lib\site-packages\django\core\files\storage.py first seen with mtime 1622524228.7572453
DEBUG File E:\Python\Envs\doubledb\Lib\site-packages\django\db\migrations\operations\utils.py first seen with mtime 1622524228.8394659
DEBUG File E:\Python\Envs\doubledb\Lib\site-packages\django\db\migrations\utils.py first seen with mtime 1622524228.835466
DEBUG File E:\Python\Envs\doubledb\Lib\site-packages\django\utils\module_loading.py first seen with mtime 1622524228.9578426
DEBUG File E:\Python\Envs\doubledb\Lib\site-packages\django\views\generic\detail.py first seen with mtime 1622524228.978843
DEBUG File E:\Python\Envs\doubledb\Lib\site-packages\django\utils\datetime_safe.py first seen with mtime 1622524228.9478364
DEBUG File E:\Python\Envs\doubledb\Lib\site-packages\django\contrib\admin\helpers.py first seen with mtime 1622524226.8156648
DEBUG File E:\Python\Envs\doubledb\Lib\site-packages\django\views\decorators\__init__.py first seen with mtime 1622524228.9718428
DEBUG File C:\Users\Akash\AppData\Local\Programs\Python\Python38\Lib\genericpath.py first seen with mtime 1589389958.0
DEBUG File C:\Users\Akash\AppData\Local\Programs\Python\Python38\Lib\importlib\machinery.py first seen with mtime 1589389958.0
DEBUG File E:\Python\Envs\doubledb\Lib\site-packages\django\urls\resolvers.py first seen with mtime 1622524228.9391713
DEBUG File E:\Python\Envs\doubledb\Lib\site-packages\django\utils\tree.py first seen with mtime 1622524228.9638429
DEBUG File C:\Users\Akash\AppData\Local\Programs\Python\Python38\Lib\cgi.py first seen with mtime 1589389958.0
DEBUG File E:\Python\Envs\doubledb\Lib\site-packages\django\core\exceptions.py first seen with mtime 1622524228.7382448
DEBUG File C:\Users\Akash\AppData\Local\Programs\Python\Python38\Lib\html\__init__.py first seen with mtime 1589389958.0
DEBUG File E:\Python\Envs\doubledb\Lib\site-packages\django\utils\ipv6.py first seen with mtime 1622524228.9558427
DEBUG File C:\Users\Akash\AppData\Local\Programs\Python\Python38\Lib\email\charset.py first seen with mtime 1589389958.0
DEBUG File E:\Python\Envs\doubledb\Lib\site-packages\django\forms\__init__.py first seen with mtime 1622524228.8674657
DEBUG File C:\Users\Akash\AppData\Local\Programs\Python\Python38\DLLs\unicodedata.pyd first seen with mtime 1589389978.0
DEBUG File C:\Users\Akash\AppData\Local\Programs\Python\Python38\Lib\argparse.py first seen with mtime 1589389958.0
DEBUG File E:\Python\Envs\doubledb\Lib\site-packages\django\template\backends\__init__.py first seen with mtime 1622524228.9210484
DEBUG File E:\Python\Envs\doubledb\Lib\site-packages\django\core\validators.py first seen with mtime 1622524228.7412455
DEBUG File E:\Python\Envs\doubledb\Lib\site-packages\django\contrib\staticfiles\__init__.py first seen with mtime 1622524228.7272456
DEBUG File C:\Users\Akash\AppData\Local\Programs\Python\Python38\Lib\json\__init__.py first seen with mtime 1589389958.0
DEBUG File C:\Users\Akash\AppData\Local\Programs\Python\Python38\Lib\unittest\__init__.py first seen with mtime 1589389960.0
DEBUG File E:\Python\Envs\doubledb\Lib\site-packages\django\contrib\admin\templatetags\admin_modify.py first seen with mtime 1622524227.1989615
DEBUG File C:\Users\Akash\AppData\Local\Programs\Python\Python38\DLLs\_decimal.pyd first seen with mtime 1589389976.0
DEBUG File C:\Users\Akash\AppData\Local\Programs\Python\Python38\Lib\gzip.py first seen with mtime 1589389958.0
DEBUG File E:\Python\Envs\doubledb\Lib\site-packages\django\contrib\sessions\backends\base.py first seen with mtime 1622524228.4299624
DEBUG File C:\Users\Akash\AppData\Local\Programs\Python\Python38\Lib\asyncio\protocols.py first seen with mtime 1589389958.0
DEBUG File C:\Users\Akash\AppData\Local\Programs\Python\Python38\Lib\statistics.py first seen with mtime 1589389960.0
DEBUG File E:\Python\Envs\doubledb\Lib\site-packages\django\urls\__init__.py first seen with mtime 1622524228.9361713
DEBUG File C:\Users\Akash\AppData\Local\Programs\Python\Python38\Lib\getpass.py first seen with mtime 1589389958.0
DEBUG File E:\Python\Envs\doubledb\Lib\site-packages\django\db\models\lookups.py first seen with mtime 1622524228.845466
DEBUG File E:\Python\Envs\doubledb\Lib\site-packages\django\templatetags\static.py first seen with mtime 1622524228.9300485
DEBUG File E:\Python\Envs\doubledb\Lib\site-packages\django\contrib\admin\templatetags\admin_list.py first seen with mtime 1622524227.1979613
DEBUG File E:\Python\Envs\doubledb\Lib\site-packages\django\contrib\staticfiles\management\commands\runserver.py first seen with mtime 1622524228.7352457
DEBUG File E:\Python\Envs\doubledb\Lib\site-packages\django\core\serializers\json.py first seen with mtime 1622524228.7884655
DEBUG File E:\Python\Envs\doubledb\Lib\site-packages\sqlparse\filters\reindent.py first seen with mtime 1636372640.967414
DEBUG File E:\Python\Envs\doubledb\Lib\site-packages\django\templatetags\cache.py first seen with mtime 1622524228.9280484
DEBUG File E:\Python\Envs\doubledb\Lib\site-packages\django\core\management\__init__.py first seen with mtime 1622524228.7692454
DEBUG File E:\Python\Envs\doubledb\Lib\site-packages\asgiref\sync.py first seen with mtime 1622524226.5220146
DEBUG File C:\Users\Akash\AppData\Local\Programs\Python\Python38\DLLs\_overlapped.pyd first seen with mtime 1589389976.0
DEBUG File E:\Python\Envs\doubledb\Lib\site-packages\django\utils\encoding.py first seen with mtime 1622524228.9508426
DEBUG File C:\Users\Akash\AppData\Local\Programs\Python\Python38\Lib\asyncio\__init__.py first seen with mtime 1589389958.0
DEBUG File E:\Python\Envs\doubledb\Lib\site-packages\django\db\models\fields\__init__.py first seen with mtime 1622524228.8504658
DEBUG File E:\Python\Envs\doubledb\Lib\site-packages\django\utils\deconstruct.py first seen with mtime 1622524228.948843
DEBUG File E:\Python\Envs\doubledb\Lib\site-packages\_virtualenv.py first seen with mtime 1622524141.7443523
DEBUG File E:\Python\Envs\doubledb\Lib\site-packages\django\middleware\__init__.py first seen with mtime 1622524228.9070485
DEBUG File E:\Python\Envs\doubledb\Lib\site-packages\django\views\i18n.py first seen with mtime 1622524228.9708426
DEBUG File C:\Users\Akash\AppData\Local\Programs\Python\Python38\Lib\asyncio\coroutines.py first seen with mtime 1589389958.0
DEBUG File E:\Python\Envs\doubledb\Lib\site-packages\django\template\context.py first seen with mtime 1622524228.9140484
DEBUG File C:\Users\Akash\AppData\Local\Programs\Python\Python38\Lib\copyreg.py first seen with mtime 1589389958.0
DEBUG File C:\Users\Akash\AppData\Local\Programs\Python\Python38\Lib\nturl2path.py first seen with mtime 1589389960.0
DEBUG File E:\Python\Envs\doubledb\Lib\site-packages\django\template\loader.py first seen with mtime 1622524228.9190483
DEBUG File E:\Python\Envs\doubledb\Lib\site-packages\django\db\migrations\state.py first seen with mtime 1622524228.8344657
DEBUG File C:\Users\Akash\AppData\Local\Programs\Python\Python38\Lib\asyncio\windows_events.py first seen with mtime 1589389958.0
DEBUG File C:\Users\Akash\AppData\Local\Programs\Python\Python38\Lib\email\iterators.py first seen with mtime 1589389958.0
DEBUG File E:\Python\Envs\doubledb\Lib\site-packages\django\urls\converters.py first seen with mtime 1622524228.9381714
DEBUG File C:\Users\Akash\AppData\Local\Programs\Python\Python38\Lib\inspect.py first seen with mtime 1589389958.0
DEBUG File C:\Users\Akash\AppData\Local\Programs\Python\Python38\Lib\asyncio\streams.py first seen with mtime 1589389958.0
DEBUG File E:\Python\Envs\doubledb\Lib\site-packages\django\db\backends\base\validation.py first seen with mtime 1622524228.8024662
DEBUG File C:\Users\Akash\AppData\Local\Programs\Python\Python38\Lib\asyncio\windows_utils.py first seen with mtime 1589389958.0
DEBUG File E:\Python\Envs\doubledb\Lib\site-packages\django\core\files\temp.py first seen with mtime 1622524228.7582448
DEBUG File C:\Users\Akash\AppData\Local\Programs\Python\Python38\Lib\bisect.py first seen with mtime 1589389958.0
DEBUG File E:\Python\Envs\doubledb\Lib\site-packages\django\contrib\admin\apps.py first seen with mtime 1622524226.8106594
DEBUG File E:\Python\Envs\doubledb\Lib\site-packages\django\template\loaders\__init__.py first seen with mtime 1622524228.9240484
DEBUG File C:\Users\Akash\AppData\Local\Programs\Python\Python38\Lib\codecs.py first seen with mtime 1589389958.0
DEBUG File E:\Python\Envs\doubledb\Lib\site-packages\django\db\models\base.py first seen with mtime 1622524228.841475
DEBUG File E:\Python\Envs\doubledb\Lib\site-packages\django\db\models\functions\text.py first seen with mtime 1622524228.8594654
DEBUG File E:\Python\Envs\doubledb\Lib\site-packages\django\forms\formsets.py first seen with mtime 1622524228.8694658
DEBUG File E:\Python\Envs\doubledb\Lib\site-packages\django\contrib\admin\templatetags\log.py first seen with mtime 1622524227.1999612
DEBUG File E:\Python\Envs\doubledb\Lib\site-packages\django\contrib\admin\checks.py first seen with mtime 1622524226.8116593
DEBUG File E:\Python\Envs\doubledb\Lib\site-packages\django\contrib\admin\filters.py first seen with mtime 1622524226.8136594
DEBUG File C:\Users\Akash\AppData\Local\Programs\Python\Python38\DLLs\_lzma.pyd first seen with mtime 1589389976.0
DEBUG File C:\Users\Akash\AppData\Local\Programs\Python\Python38\DLLs\_socket.pyd first seen with mtime 1589389976.0
DEBUG File E:\Python\Envs\doubledb\Lib\site-packages\django\utils\connection.py first seen with mtime 1622524228.9441712
DEBUG File E:\Python\Envs\doubledb\Lib\site-packages\django\db\backends\signals.py first seen with mtime 1622524228.7964659
DEBUG File E:\Python\Personal\django_logger\employee\urls.py first seen with mtime 1646723633.237376
DEBUG File E:\Python\Envs\doubledb\Lib\site-packages\django\core\handlers\wsgi.py first seen with mtime 1622524228.7622457
DEBUG File E:\Python\Envs\doubledb\Lib\site-packages\django\contrib\admin\utils.py first seen with mtime 1622524226.8196592
DEBUG File C:\Users\Akash\AppData\Local\Programs\Python\Python38\Lib\uuid.py first seen with mtime 1589389960.0
DEBUG File C:\Users\Akash\AppData\Local\Programs\Python\Python38\DLLs\_asyncio.pyd first seen with mtime 1589389976.0
DEBUG File E:\Python\Envs\doubledb\Lib\site-packages\django\db\models\signals.py first seen with mtime 1622524228.849465
DEBUG File C:\Users\Akash\AppData\Local\Programs\Python\Python38\Lib\queue.py first seen with mtime 1589389960.0
DEBUG File C:\Users\Akash\AppData\Local\Programs\Python\Python38\Lib\encodings\aliases.py first seen with mtime 1589389958.0
DEBUG File E:\Python\Envs\doubledb\Lib\site-packages\django\core\management\commands\runserver.py first seen with mtime 1622524228.7804658
DEBUG File E:\Python\Envs\doubledb\Lib\site-packages\django\template\base.py first seen with mtime 1622524228.9130478
DEBUG File C:\Users\Akash\AppData\Local\Programs\Python\Python38\Lib\random.py first seen with mtime 1589389960.0
DEBUG File C:\Users\Akash\AppData\Local\Programs\Python\Python38\Lib\numbers.py first seen with mtime 1589389960.0
DEBUG File E:\Python\Envs\doubledb\Lib\site-packages\django\views\generic\list.py first seen with mtime 1622524228.979843
DEBUG File E:\Python\Envs\doubledb\Lib\site-packages\django\views\csrf.py first seen with mtime 1622524228.968842
DEBUG File C:\Users\Akash\AppData\Local\Programs\Python\Python38\Lib\_sitebuiltins.py first seen with mtime 1589389958.0
DEBUG File E:\Python\Envs\doubledb\Lib\site-packages\django\contrib\sessions\apps.py first seen with mtime 1622524228.4249623
DEBUG File E:\Python\Envs\doubledb\Lib\site-packages\django\template\loaders\filesystem.py first seen with mtime 1622524228.9260485
DEBUG File C:\Users\Akash\AppData\Local\Programs\Python\Python38\Lib\re.py first seen with mtime 1589389960.0
DEBUG File E:\Python\Personal\django_logger\employee\views.py first seen with mtime 1646725870.4145012
DEBUG File E:\Python\Envs\doubledb\Lib\site-packages\django\db\models\fields\reverse_related.py first seen with mtime 1622524228.8564653
DEBUG File E:\Python\Envs\doubledb\Lib\site-packages\colorama\initialise.py first seen with mtime 1641815538.5571682
DEBUG File E:\Python\Envs\doubledb\Lib\site-packages\django\utils\duration.py first seen with mtime 1622524228.9508426
DEBUG File C:\Users\Akash\AppData\Local\Programs\Python\Python38\Lib\tokenize.py first seen with mtime 1589389960.0
DEBUG File E:\Python\Envs\doubledb\Lib\site-packages\django\db\models\query_utils.py first seen with mtime 1622524228.8484657
DEBUG File E:\Python\Envs\doubledb\Lib\site-packages\django\db\migrations\operations\fields.py first seen with mtime 1622524228.8374658
DEBUG File C:\Users\Akash\AppData\Local\Programs\Python\Python38\Lib\linecache.py first seen with mtime 1589389958.0
DEBUG File C:\Users\Akash\AppData\Local\Programs\Python\Python38\Lib\subprocess.py first seen with mtime 1589389960.0
DEBUG File E:\Python\Envs\doubledb\Lib\site-packages\pytz\tzinfo.py first seen with mtime 1636372639.3618474
DEBUG File C:\Users\Akash\AppData\Local\Programs\Python\Python38\Lib\concurrent\futures\__init__.py first seen with mtime 1589389958.0
DEBUG File E:\Python\Envs\doubledb\Lib\site-packages\django\db\models\sql\__init__.py first seen with mtime 1622524228.860466
DEBUG File C:\Users\Akash\AppData\Local\Programs\Python\Python38\Lib\base64.py first seen with mtime 1589389958.0
DEBUG File C:\Users\Akash\AppData\Local\Programs\Python\Python38\Lib\gettext.py first seen with mtime 1589389958.0
DEBUG File E:\Python\Envs\doubledb\Lib\site-packages\django\contrib\messages\constants.py first seen with mtime 1622524228.179368
DEBUG File E:\Python\Envs\doubledb\Lib\site-packages\django\forms\forms.py first seen with mtime 1622524228.8694658
DEBUG File E:\Python\Envs\doubledb\Lib\site-packages\django\views\decorators\csrf.py first seen with mtime 1622524228.9738426
DEBUG File E:\Python\Envs\doubledb\Lib\site-packages\django\core\handlers\base.py first seen with mtime 1622524228.7612455
DEBUG File C:\Users\Akash\AppData\Local\Programs\Python\Python38\Lib\html\entities.py first seen with mtime 1589389958.0
DEBUG File C:\Users\Akash\AppData\Local\Programs\Python\Python38\Lib\unittest\util.py first seen with mtime 1589389960.0
DEBUG File C:\Users\Akash\AppData\Local\Programs\Python\Python38\Lib\socketserver.py first seen with mtime 1589389960.0
DEBUG File E:\Python\Envs\doubledb\Lib\site-packages\django\templatetags\tz.py first seen with mtime 1622524228.9300485
DEBUG File E:\Python\Envs\doubledb\Lib\site-packages\django\utils\version.py first seen with mtime 1622524228.9638429
DEBUG File C:\Users\Akash\AppData\Local\Programs\Python\Python38\Lib\asyncio\proactor_events.py first seen with mtime 1589389958.0
DEBUG File E:\Python\Envs\doubledb\Lib\site-packages\django\template\loader_tags.py first seen with mtime 1622524228.9190483
DEBUG File E:\Python\Envs\doubledb\Lib\site-packages\django\contrib\sessions\backends\__init__.py first seen with mtime 1622524228.4289625
DEBUG File C:\Users\Akash\AppData\Local\Programs\Python\Python38\Lib\asyncio\base_events.py first seen with mtime 1589389958.0
DEBUG File E:\Python\Envs\doubledb\Lib\site-packages\django\forms\renderers.py first seen with mtime 1622524228.8714657
DEBUG File E:\Python\Envs\doubledb\Lib\site-packages\django\db\models\functions\__init__.py first seen with mtime 1622524228.8564653
DEBUG File E:\Python\Envs\doubledb\Lib\site-packages\django\core\checks\messages.py first seen with mtime 1622524228.7492456
DEBUG File E:\Python\Envs\doubledb\Lib\site-packages\django\contrib\contenttypes\views.py first seen with mtime 1622524227.5074644
DEBUG File C:\Users\Akash\AppData\Local\Programs\Python\Python38\Lib\asyncio\constants.py first seen with mtime 1589389958.0
DEBUG File E:\Python\Envs\doubledb\Lib\site-packages\django\contrib\admin\views\__init__.py first seen with mtime 1622524227.2009616
DEBUG File E:\Python\Envs\doubledb\Lib\site-packages\django\db\models\sql\datastructures.py first seen with mtime 1622524228.8624659
DEBUG File E:\Python\Envs\doubledb\Lib\site-packages\django\contrib\auth\management\__init__.py first seen with mtime 1622524227.4924138
DEBUG File C:\Users\Akash\AppData\Local\Programs\Python\Python38\Lib\contextlib.py first seen with mtime 1589389958.0
DEBUG File E:\Python\Envs\doubledb\Lib\site-packages\django\contrib\auth\admin.py first seen with mtime 1622524227.3408225
DEBUG File E:\Python\Envs\doubledb\Lib\site-packages\django\contrib\auth\tokens.py first seen with mtime 1622524227.350822
DEBUG File C:\Users\Akash\AppData\Local\Programs\Python\Python38\Lib\asyncio\events.py first seen with mtime 1589389958.0
DEBUG File E:\Python\Envs\doubledb\Lib\site-packages\django\contrib\messages\apps.py first seen with mtime 1622524228.178368
DEBUG File C:\Users\Akash\AppData\Local\Programs\Python\Python38\Lib\threading.py first seen with mtime 1589389960.0
DEBUG File E:\Python\Envs\doubledb\Lib\site-packages\colorama\winterm.py first seen with mtime 1641815538.559163
DEBUG File E:\Python\Envs\doubledb\Lib\site-packages\django\utils\numberformat.py first seen with mtime 1622524228.9588428
DEBUG File E:\Python\Envs\doubledb\Lib\site-packages\django\utils\_os.py first seen with mtime 1622524228.9411712
DEBUG File C:\Users\Akash\AppData\Local\Programs\Python\Python38\Lib\email\message.py first seen with mtime 1589389958.0
DEBUG File C:\Users\Akash\AppData\Local\Programs\Python\Python38\Lib\urllib\error.py first seen with mtime 1589389960.0
DEBUG File C:\Users\Akash\AppData\Local\Programs\Python\Python38\Lib\email\_header_value_parser.py first seen with mtime 1589389958.0
DEBUG File E:\Python\Envs\doubledb\Lib\site-packages\django\forms\utils.py first seen with mtime 1622524228.8714657
DEBUG File E:\Python\Envs\doubledb\Lib\site-packages\django\contrib\staticfiles\checks.py first seen with mtime 1622524228.7282457
DEBUG File E:\Python\Envs\doubledb\Lib\site-packages\django\contrib\admin\exceptions.py first seen with mtime 1622524226.812659
DEBUG File E:\Python\Envs\doubledb\Lib\site-packages\django\core\signals.py first seen with mtime 1622524228.7392457
DEBUG File E:\Python\Envs\doubledb\Lib\site-packages\django\db\models\fields\json.py first seen with mtime 1622524228.8514657
DEBUG File E:\Python\Envs\doubledb\Lib\site-packages\django\middleware\csrf.py first seen with mtime 1622524228.9090486
DEBUG File C:\Users\Akash\AppData\Local\Programs\Python\Python38\Lib\operator.py first seen with mtime 1589389960.0
DEBUG File C:\Users\Akash\AppData\Local\Programs\Python\Python38\Lib\posixpath.py first seen with mtime 1589389960.0
DEBUG File E:\Python\Envs\doubledb\Lib\site-packages\pytz\tzfile.py first seen with mtime 1636372639.3578477
DEBUG File C:\Users\Akash\AppData\Local\Programs\Python\Python38\Lib\asyncio\format_helpers.py first seen with mtime 1589389958.0
DEBUG File E:\Python\Envs\doubledb\Lib\site-packages\colorama\ansitowin32.py first seen with mtime 1641815538.5551748
DEBUG File E:\Python\Envs\doubledb\Lib\site-packages\django\db\backends\__init__.py first seen with mtime 1622524228.7954657
DEBUG File C:\Users\Akash\AppData\Local\Programs\Python\Python38\Lib\opcode.py first seen with mtime 1589389960.0
DEBUG File E:\Python\Envs\doubledb\Lib\site-packages\django\contrib\staticfiles\utils.py first seen with mtime 1622524228.732245
DEBUG File C:\Users\Akash\AppData\Local\Programs\Python\Python38\Lib\email\base64mime.py first seen with mtime 1589389958.0
DEBUG File C:\Users\Akash\AppData\Local\Programs\Python\Python38\Lib\hmac.py first seen with mtime 1589389958.0
DEBUG File E:\Python\Envs\doubledb\Lib\site-packages\django\db\migrations\operations\special.py first seen with mtime 1622524228.8384657
DEBUG File E:\Python\Envs\doubledb\Lib\site-packages\django\core\checks\translation.py first seen with mtime 1622524228.7512455
DEBUG File E:\Python\Envs\doubledb\Lib\site-packages\django\db\models\__init__.py first seen with mtime 1622524228.8394659
DEBUG File E:\Python\Envs\doubledb\Lib\site-packages\django\core\servers\basehttp.py first seen with mtime 1622524228.7934651
DEBUG File C:\Users\Akash\AppData\Local\Programs\Python\Python38\Lib\ctypes\_endian.py first seen with mtime 1589389958.0
DEBUG File E:\Python\Envs\doubledb\Lib\site-packages\django\urls\utils.py first seen with mtime 1622524228.9401712
DEBUG File E:\Python\Envs\doubledb\Lib\site-packages\django\core\files\uploadhandler.py first seen with mtime 1622524228.7592456
DEBUG File C:\Users\Akash\AppData\Local\Programs\Python\Python38\Lib\urllib\__init__.py first seen with mtime 1589389960.0
DEBUG File E:\Python\Envs\doubledb\Lib\site-packages\django\core\paginator.py first seen with mtime 1622524228.7392457
DEBUG File C:\Users\Akash\AppData\Local\Programs\Python\Python38\Lib\urllib\response.py first seen with mtime 1589389960.0
DEBUG File C:\Users\Akash\AppData\Local\Programs\Python\Python38\Lib\abc.py first seen with mtime 1589389958.0
DEBUG File C:\Users\Akash\AppData\Local\Programs\Python\Python38\Lib\asyncio\runners.py first seen with mtime 1589389958.0
DEBUG File E:\Python\Envs\doubledb\Lib\site-packages\django\core\management\color.py first seen with mtime 1622524228.7702456
DEBUG File E:\Python\Envs\doubledb\Lib\site-packages\django\contrib\auth\forms.py first seen with mtime 1622524227.345822
DEBUG File E:\Python\Envs\doubledb\Lib\site-packages\django\utils\html.py first seen with mtime 1622524228.9538436
DEBUG File E:\Python\Envs\doubledb\Lib\site-packages\sqlparse\engine\filter_stack.py first seen with mtime 1636372640.9634562
DEBUG File E:\Python\Envs\doubledb\Lib\site-packages\django\core\checks\database.py first seen with mtime 1622524228.7482457
DEBUG File E:\Python\Envs\doubledb\Lib\site-packages\django\contrib\sessions\exceptions.py first seen with mtime 1622524228.4259624
DEBUG File C:\Users\Akash\AppData\Local\Programs\Python\Python38\Lib\email\encoders.py first seen with mtime 1589389958.0
DEBUG File E:\Python\Envs\doubledb\Lib\site-packages\django\template\__init__.py first seen with mtime 1622524228.9120479
DEBUG File E:\Python\Envs\doubledb\Lib\site-packages\django\template\response.py first seen with mtime 1622524228.9200485
DEBUG File C:\Users\Akash\AppData\Local\Programs\Python\Python38\Lib\dis.py first seen with mtime 1589389958.0
DEBUG File E:\Python\Envs\doubledb\Lib\site-packages\django\core\cache\__init__.py first seen with mtime 1622524228.7422454
DEBUG File E:\Python\Envs\doubledb\Lib\site-packages\django\db\migrations\operations\base.py first seen with mtime 1622524228.8364656
DEBUG File C:\Users\Akash\AppData\Local\Programs\Python\Python38\Lib\email\mime\text.py first seen with mtime 1589389958.0
DEBUG File E:\Python\Envs\doubledb\Lib\site-packages\django\db\backends\sqlite3\features.py first seen with mtime 1622524228.8254657
DEBUG File E:\Python\Envs\doubledb\Lib\site-packages\django\utils\dateparse.py first seen with mtime 1622524228.9473355
DEBUG File E:\Python\Envs\doubledb\Lib\site-packages\django\contrib\auth\hashers.py first seen with mtime 1622524227.345822
DEBUG File C:\Users\Akash\AppData\Local\Programs\Python\Python38\Lib\fnmatch.py first seen with mtime 1589389958.0
DEBUG File E:\Python\Personal\django_logger\employee\models.py first seen with mtime 1646720637.1172538
DEBUG File E:\Python\Envs\doubledb\Lib\site-packages\django\template\defaultfilters.py first seen with mtime 1622524228.9150484
DEBUG File E:\Python\Envs\doubledb\Lib\site-packages\django\core\files\locks.py first seen with mtime 1622524228.7562456
DEBUG File E:\Python\Envs\doubledb\Lib\site-packages\django\contrib\auth\apps.py first seen with mtime 1622524227.3418226
DEBUG File E:\Python\Envs\doubledb\Lib\site-packages\django\contrib\sites\__init__.py first seen with mtime 1622524228.5708227
DEBUG File E:\Python\Envs\doubledb\Lib\site-packages\asgiref\__init__.py first seen with mtime 1622524226.5180144
DEBUG File E:\Python\Envs\doubledb\Lib\site-packages\django\conf\__init__.py first seen with mtime 1622524226.570309
DEBUG File E:\Python\Envs\doubledb\Lib\site-packages\django\contrib\sessions\base_session.py first seen with mtime 1622524228.4259624
DEBUG File C:\Users\Akash\AppData\Local\Programs\Python\Python38\Lib\email\mime\nonmultipart.py first seen with mtime 1589389958.0
DEBUG File C:\Users\Akash\AppData\Local\Programs\Python\Python38\Lib\difflib.py first seen with mtime 1589389958.0
DEBUG File C:\Users\Akash\AppData\Local\Programs\Python\Python38\Lib\_compression.py first seen with mtime 1589389958.0
DEBUG File C:\Users\Akash\AppData\Local\Programs\Python\Python38\Lib\lzma.py first seen with mtime 1589389958.0
DEBUG File E:\Python\Envs\doubledb\Lib\site-packages\django\utils\decorators.py first seen with mtime 1622524228.9498427
DEBUG File E:\Python\Envs\doubledb\Lib\site-packages\django\core\handlers\__init__.py first seen with mtime 1622524228.7602448
DEBUG File E:\Python\Envs\doubledb\Lib\site-packages\django\views\generic\base.py first seen with mtime 1622524228.9768426
DEBUG File E:\Python\Envs\doubledb\Lib\site-packages\django\core\cache\backends\base.py first seen with mtime 1622524228.7432463
DEBUG File E:\Python\Envs\doubledb\Lib\site-packages\django\contrib\auth\checks.py first seen with mtime 1622524227.3428223
DEBUG File E:\Python\Envs\doubledb\Lib\site-packages\django\template\autoreload.py first seen with mtime 1622524228.9130478
DEBUG File C:\Users\Akash\AppData\Local\Programs\Python\Python38\Lib\http\__init__.py first seen with mtime 1589389958.0
DEBUG File E:\Python\Envs\doubledb\Lib\site-packages\django\contrib\auth\password_validation.py first seen with mtime 1622524227.348822
DEBUG File E:\Python\Envs\doubledb\Lib\site-packages\django\views\decorators\common.py first seen with mtime 1622524228.9728427
DEBUG File C:\Users\Akash\AppData\Local\Programs\Python\Python38\Lib\email\generator.py first seen with mtime 1589389958.0
DEBUG File E:\Python\Envs\doubledb\Lib\site-packages\pytz\exceptions.py first seen with mtime 1636372639.3578477
DEBUG File E:\Python\Envs\doubledb\Lib\site-packages\django\db\models\constraints.py first seen with mtime 1622524228.8424659
DEBUG File C:\Users\Akash\AppData\Local\Programs\Python\Python38\Lib\sre_parse.py first seen with mtime 1589389960.0
DEBUG File E:\Python\Envs\doubledb\Lib\site-packages\django\core\checks\async_checks.py first seen with mtime 1622524228.7472456
DEBUG File C:\Users\Akash\AppData\Local\Programs\Python\Python38\Lib\typing.py first seen with mtime 1589389960.0
DEBUG File C:\Users\Akash\AppData\Local\Programs\Python\Python38\Lib\email\header.py first seen with mtime 1589389958.0
DEBUG File E:\Python\Envs\doubledb\Lib\site-packages\django\views\generic\dates.py first seen with mtime 1622524228.9778428
DEBUG File E:\Python\Envs\doubledb\Lib\site-packages\django\contrib\admin\actions.py first seen with mtime 1622524226.8106594
DEBUG File C:\Users\Akash\AppData\Local\Programs\Python\Python38\Lib\html\parser.py first seen with mtime 1589389958.0
DEBUG File E:\Python\Envs\doubledb\Lib\site-packages\django\utils\translation\trans_real.py first seen with mtime 1622524228.9678428
DEBUG File E:\Python\Envs\doubledb\Lib\site-packages\django\core\files\images.py first seen with mtime 1622524228.7562456
DEBUG File E:\Python\Envs\doubledb\Lib\site-packages\django\db\models\manager.py first seen with mtime 1622524228.8464663
DEBUG File C:\Users\Akash\AppData\Local\Programs\Python\Python38\DLLs\_queue.pyd first seen with mtime 1589389976.0
DEBUG File E:\Python\Envs\doubledb\Lib\site-packages\django\http\cookie.py first seen with mtime 1622524228.905049
DEBUG File C:\Users\Akash\AppData\Local\Programs\Python\Python38\Lib\email\mime\message.py first seen with mtime 1589389958.0
DEBUG File E:\Python\Envs\doubledb\Lib\site-packages\django\db\backends\base\features.py first seen with mtime 1622524228.8004656
DEBUG File E:\Python\Envs\doubledb\Lib\site-packages\django\template\backends\django.py first seen with mtime 1622524228.9220486
DEBUG File C:\Users\Akash\AppData\Local\Programs\Python\Python38\Lib\asyncio\log.py first seen with mtime 1589389958.0
DEBUG File E:\Python\Envs\doubledb\Lib\site-packages\django\core\__init__.py first seen with mtime 1622524228.7372456
DEBUG File C:\Users\Akash\AppData\Local\Programs\Python\Python38\Lib\bz2.py first seen with mtime 1589389958.0
DEBUG File E:\Python\Envs\doubledb\Lib\site-packages\django\contrib\contenttypes\models.py first seen with mtime 1622524227.5064645
DEBUG File C:\Users\Akash\AppData\Local\Programs\Python\Python38\Lib\encodings\cp1252.py first seen with mtime 1589389958.0
DEBUG File E:\Python\Envs\doubledb\Lib\site-packages\django\__init__.py first seen with mtime 1622524226.5650146
DEBUG File C:\Users\Akash\AppData\Local\Programs\Python\Python38\Lib\reprlib.py first seen with mtime 1589389960.0
DEBUG File E:\Python\Envs\doubledb\Lib\site-packages\django\middleware\security.py first seen with mtime 1622524228.9120479
DEBUG File E:\Python\Envs\doubledb\Lib\site-packages\django\views\generic\edit.py first seen with mtime 1622524228.978843
DEBUG File C:\Users\Akash\AppData\Local\Programs\Python\Python38\Lib\unittest\runner.py first seen with mtime 1589389960.0
DEBUG File C:\Users\Akash\AppData\Local\Programs\Python\Python38\Lib\string.py first seen with mtime 1589389960.0
DEBUG File E:\Python\Envs\doubledb\Lib\site-packages\django\db\backends\sqlite3\operations.py first seen with mtime 1622524228.8264658
DEBUG File E:\Python\Personal\django_logger\django_logger\__init__.py first seen with mtime 1646719976.3475275
DEBUG File E:\Python\Personal\django_logger\employee\__init__.py first seen with mtime 1646720383.0001028
DEBUG File E:\Python\Envs\doubledb\Lib\site-packages\django\urls\exceptions.py first seen with mtime 1622524228.9381714
DEBUG File E:\Python\Envs\doubledb\Lib\site-packages\django\db\backends\sqlite3\base.py first seen with mtime 1622524228.823472
DEBUG File E:\Python\Envs\doubledb\Lib\site-packages\django\db\migrations\operations\models.py first seen with mtime 1622524228.8384657
DEBUG File E:\Python\Envs\doubledb\Lib\site-packages\django\db\backends\ddl_references.py first seen with mtime 1622524228.7964659
DEBUG File E:\Python\Envs\doubledb\Lib\site-packages\django\template\library.py first seen with mtime 1622524228.9180486
DEBUG File C:\Users\Akash\AppData\Local\Programs\Python\Python38\Lib\asyncio\base_futures.py first seen with mtime 1589389958.0
DEBUG File C:\Users\Akash\AppData\Local\Programs\Python\Python38\Lib\unittest\case.py first seen with mtime 1589389960.0
DEBUG File E:\Python\Envs\doubledb\Lib\site-packages\django\contrib\contenttypes\management\__init__.py first seen with mtime 1622524227.6378548
DEBUG File C:\Users\Akash\AppData\Local\Programs\Python\Python38\Lib\email\mime\__init__.py first seen with mtime 1589389958.0
DEBUG File E:\Python\Envs\doubledb\Lib\site-packages\django\db\models\constants.py first seen with mtime 1622524228.841475
DEBUG File E:\Python\Envs\doubledb\Lib\site-packages\django\utils\safestring.py first seen with mtime 1622524228.9598427
DEBUG File E:\Python\Personal\django_logger\django_logger\settings.py first seen with mtime 1646739917.3744085
DEBUG File E:\Python\Envs\doubledb\Lib\site-packages\django\db\models\fields\mixins.py first seen with mtime 1622524228.8524656
DEBUG File C:\Users\Akash\AppData\Local\Programs\Python\Python38\Lib\email\contentmanager.py first seen with mtime 1589389958.0
DEBUG File E:\Python\Envs\doubledb\Lib\site-packages\django\db\migrations\exceptions.py first seen with mtime 1622524228.8294656
DEBUG File E:\Python\Envs\doubledb\Lib\site-packages\django\core\files\uploadedfile.py first seen with mtime 1622524228.7582448
DEBUG File C:\Users\Akash\AppData\Local\Programs\Python\Python38\Lib\contextvars.py first seen with mtime 1589389958.0
DEBUG File E:\Python\Envs\doubledb\Lib\site-packages\django\core\mail\message.py first seen with mtime 1622524228.7642455
DEBUG File C:\Users\Akash\AppData\Local\Programs\Python\Python38\Lib\unittest\suite.py first seen with mtime 1589389960.0
DEBUG File E:\Python\Envs\doubledb\Lib\site-packages\django\db\backends\base\operations.py first seen with mtime 1622524228.8014657
DEBUG File C:\Users\Akash\AppData\Local\Programs\Python\Python38\Lib\uu.py first seen with mtime 1589389960.0
DEBUG File E:\Python\Envs\doubledb\Lib\site-packages\django\contrib\staticfiles\management\__init__.py first seen with mtime 1622524228.7332456
DEBUG File E:\Python\Envs\doubledb\Lib\site-packages\django\contrib\contenttypes\__init__.py first seen with mtime 1622524227.5034645
DEBUG File E:\Python\Envs\doubledb\Lib\site-packages\django\db\models\query.py first seen with mtime 1622524228.8484657
DEBUG File C:\Users\Akash\AppData\Local\Programs\Python\Python38\DLLs\_ctypes.pyd first seen with mtime 1589389976.0
DEBUG File E:\Python\Envs\doubledb\Lib\site-packages\django\db\backends\base\base.py first seen with mtime 1622524228.7984657
DEBUG File E:\Python\Envs\doubledb\Lib\site-packages\django\utils\topological_sort.py first seen with mtime 1622524228.962843
DEBUG File C:\Users\Akash\AppData\Local\Programs\Python\Python38\Lib\distutils\__init__.py first seen with mtime 1589389958.0
DEBUG File E:\Python\Envs\doubledb\Lib\site-packages\django\views\static.py first seen with mtime 1622524228.9708426
DEBUG File E:\Python\Personal\django_logger\django_logger\urls.py first seen with mtime 1646721681.81348
DEBUG File E:\Python\Envs\doubledb\Lib\site-packages\sqlparse\lexer.py first seen with mtime 1636372640.959384
DEBUG File E:\Python\Envs\doubledb\Lib\site-packages\django\db\migrations\operations\__init__.py first seen with mtime 1622524228.8364656
DEBUG File C:\Users\Akash\AppData\Local\Programs\Python\Python38\Lib\tempfile.py first seen with mtime 1589389960.0
DEBUG File C:\Users\Akash\AppData\Local\Programs\Python\Python38\Lib\asyncio\base_subprocess.py first seen with mtime 1589389958.0
DEBUG File C:\Users\Akash\AppData\Local\Programs\Python\Python38\Lib\asyncio\base_tasks.py first seen with mtime 1589389958.0
DEBUG File C:\Users\Akash\AppData\Local\Programs\Python\Python38\Lib\encodings\utf_8.py first seen with mtime 1589389958.0
DEBUG File C:\Users\Akash\AppData\Local\Programs\Python\Python38\DLLs\select.pyd first seen with mtime 1589389976.0
DEBUG File E:\Python\Envs\doubledb\Lib\site-packages\django\contrib\auth\backends.py first seen with mtime 1622524227.3418226
DEBUG File E:\Python\Envs\doubledb\Lib\site-packages\django\core\files\base.py first seen with mtime 1622524228.7552454
DEBUG File E:\Python\Envs\doubledb\Lib\site-packages\django\utils\dateformat.py first seen with mtime 1622524228.9461713
DEBUG File C:\Users\Akash\AppData\Local\Programs\Python\Python38\Lib\sqlite3\__init__.py first seen with mtime 1589389960.0
DEBUG File E:\Python\Envs\doubledb\Lib\site-packages\django\http\request.py first seen with mtime 1622524228.9060485
DEBUG File C:\Users\Akash\AppData\Local\Programs\Python\Python38\Lib\_markupbase.py first seen with mtime 1589389958.0
DEBUG File C:\Users\Akash\AppData\Local\Programs\Python\Python38\Lib\collections\abc.py first seen with mtime 1589389958.0
DEBUG File E:\Python\Envs\doubledb\Lib\site-packages\django\utils\cache.py first seen with mtime 1622524228.9441712
DEBUG File E:\Python\Envs\doubledb\Lib\site-packages\django\contrib\auth\validators.py first seen with mtime 1622524227.3518224
DEBUG File E:\Python\Envs\doubledb\Lib\site-packages\django\core\mail\__init__.py first seen with mtime 1622524228.7632449
DEBUG File E:\Python\Envs\doubledb\Lib\site-packages\django\utils\deprecation.py first seen with mtime 1622524228.9498427
DEBUG File E:\Python\Envs\doubledb\Lib\site-packages\django\dispatch\__init__.py first seen with mtime 1622524228.8654656
DEBUG File E:\Python\Envs\doubledb\Lib\site-packages\asgiref\local.py first seen with mtime 1622524226.5190144
DEBUG File C:\Users\Akash\AppData\Local\Programs\Python\Python38\Lib\asyncio\sslproto.py first seen with mtime 1589389958.0
DEBUG File C:\Users\Akash\AppData\Local\Programs\Python\Python38\Lib\struct.py first seen with mtime 1589389960.0
DEBUG File C:\Users\Akash\AppData\Local\Programs\Python\Python38\Lib\sre_constants.py first seen with mtime 1589389960.0
DEBUG File E:\Python\Envs\doubledb\Lib\site-packages\django\core\cache\backends\__init__.py first seen with mtime 1622524228.7432463
DEBUG File E:\Python\Envs\doubledb\Lib\site-packages\django\core\wsgi.py first seen with mtime 1622524228.7412455
DEBUG File C:\Users\Akash\AppData\Local\Programs\Python\Python38\Lib\email\utils.py first seen with mtime 1589389958.0
DEBUG File E:\Python\Envs\doubledb\Lib\site-packages\django\views\decorators\cache.py first seen with mtime 1622524228.9718428
DEBUG File E:\Python\Envs\doubledb\Lib\site-packages\django\core\checks\urls.py first seen with mtime 1622524228.7522454
DEBUG File C:\Users\Akash\AppData\Local\Programs\Python\Python38\Lib\stat.py first seen with mtime 1589389960.0
DEBUG File E:\Python\Envs\doubledb\Lib\site-packages\django\utils\lorem_ipsum.py first seen with mtime 1622524228.9578426
DEBUG File C:\Users\Akash\AppData\Local\Programs\Python\Python38\Lib\ssl.py first seen with mtime 1589389960.0
DEBUG File E:\Python\Envs\doubledb\Lib\site-packages\django\conf\global_settings.py first seen with mtime 1622524226.5718267
DEBUG File E:\Python\Envs\doubledb\Lib\site-packages\sqlparse\filters\others.py first seen with mtime 1636372640.967414
DEBUG File C:\Users\Akash\AppData\Local\Programs\Python\Python38\Lib\mimetypes.py first seen with mtime 1589389958.0
DEBUG File C:\Users\Akash\AppData\Local\Programs\Python\Python38\Lib\asyncio\queues.py first seen with mtime 1589389958.0
DEBUG File C:\Users\Akash\AppData\Local\Programs\Python\Python38\Lib\_bootlocale.py first seen with mtime 1589389958.0
DEBUG File E:\Python\Envs\doubledb\Lib\site-packages\django\db\models\fields\proxy.py first seen with mtime 1622524228.8534658
DEBUG File C:\Users\Akash\AppData\Local\Programs\Python\Python38\Lib\unittest\loader.py first seen with mtime 1589389960.0
DEBUG File E:\Python\Envs\doubledb\Lib\site-packages\django\db\models\functions\datetime.py first seen with mtime 1622524228.8574655
DEBUG File E:\Python\Envs\doubledb\Lib\site-packages\django\apps\config.py first seen with mtime 1622524226.568014
DEBUG File E:\Python\Envs\doubledb\Lib\site-packages\django\core\cache\utils.py first seen with mtime 1622524228.7422454
DEBUG File C:\Users\Akash\AppData\Local\Programs\Python\Python38\Lib\unittest\main.py first seen with mtime 1589389960.0
DEBUG File C:\Users\Akash\AppData\Local\Programs\Python\Python38\Lib\asyncio\tasks.py first seen with mtime 1589389958.0
DEBUG File C:\Users\Akash\AppData\Local\Programs\Python\Python38\Lib\ctypes\__init__.py first seen with mtime 1589389958.0
DEBUG File E:\Python\Envs\doubledb\Lib\site-packages\django\db\backends\sqlite3\creation.py first seen with mtime 1622524228.8244658
DEBUG File C:\Users\Akash\AppData\Local\Programs\Python\Python38\Lib\pickle.py first seen with mtime 1589389960.0
DEBUG File E:\Python\Envs\doubledb\Lib\site-packages\django\contrib\admin\templatetags\admin_urls.py first seen with mtime 1622524227.1989615
DEBUG File C:\Users\Akash\AppData\Local\Programs\Python\Python38\Lib\urllib\parse.py first seen with mtime 1589389960.0
DEBUG File E:\Python\Envs\doubledb\Lib\site-packages\django\utils\termcolors.py first seen with mtime 1622524228.9608426
DEBUG File E:\Python\Envs\doubledb\Lib\site-packages\colorama\ansi.py first seen with mtime 1641815538.5541806
DEBUG File C:\Users\Akash\AppData\Local\Programs\Python\Python38\Lib\wsgiref\headers.py first seen with mtime 1589389960.0
DEBUG File E:\Python\Envs\doubledb\Lib\site-packages\django\contrib\staticfiles\apps.py first seen with mtime 1622524228.7282457
DEBUG File E:\Python\Envs\doubledb\Lib\site-packages\django\apps\__init__.py first seen with mtime 1622524226.5670571
DEBUG File E:\Python\Envs\doubledb\Lib\site-packages\django\db\models\functions\mixins.py first seen with mtime 1622524228.8584654
DEBUG File E:\Python\Envs\doubledb\Lib\site-packages\django\utils\dates.py first seen with mtime 1622524228.9478364
DEBUG File C:\Users\Akash\AppData\Local\Programs\Python\Python38\Lib\decimal.py first seen with mtime 1589389958.0
DEBUG File C:\Users\Akash\AppData\Local\Programs\Python\Python38\Lib\pkgutil.py first seen with mtime 1589389960.0
DEBUG File E:\Python\Envs\doubledb\Lib\site-packages\django\contrib\staticfiles\management\commands\__init__.py first seen with mtime 1622524228.7332456
DEBUG File E:\Python\Envs\doubledb\Lib\site-packages\django\db\models\options.py first seen with mtime 1622524228.8474658
DEBUG File E:\Python\Envs\doubledb\Lib\site-packages\django\middleware\cache.py first seen with mtime 1622524228.9080484
DEBUG File E:\Python\Envs\doubledb\Lib\site-packages\django\core\checks\model_checks.py first seen with mtime 1622524228.7492456
DEBUG File E:\Python\Envs\doubledb\Lib\site-packages\django\core\handlers\asgi.py first seen with mtime 1622524228.7612455
DEBUG File C:\Users\Akash\AppData\Local\Programs\Python\Python38\Lib\pprint.py first seen with mtime 1589389960.0
DEBUG File C:\Users\Akash\AppData\Local\Programs\Python\Python38\Lib\logging\handlers.py first seen with mtime 1589389958.0
DEBUG File E:\Python\Envs\doubledb\Lib\site-packages\sqlparse\filters\__init__.py first seen with mtime 1636372640.9634562
DEBUG File E:\Python\Envs\doubledb\Lib\site-packages\django\contrib\admin\decorators.py first seen with mtime 1622524226.8116593
DEBUG File E:\Python\Envs\doubledb\Lib\site-packages\sqlparse\__init__.py first seen with mtime 1636372640.9511247
DEBUG File E:\Python\Envs\doubledb\Lib\site-packages\django\db\backends\sqlite3\client.py first seen with mtime 1622524228.8244658
DEBUG File E:\Python\Envs\doubledb\Lib\site-packages\sqlparse\engine\__init__.py first seen with mtime 1636372640.959384
DEBUG File C:\Users\Akash\AppData\Local\Programs\Python\Python38\Lib\warnings.py first seen with mtime 1589389960.0
DEBUG File E:\Python\Envs\doubledb\Lib\site-packages\sqlparse\filters\output.py first seen with mtime 1636372640.967414
DEBUG File E:\Python\Envs\doubledb\Lib\site-packages\django\contrib\sessions\models.py first seen with mtime 1622524228.4269624
DEBUG File E:\Python\Envs\doubledb\Lib\site-packages\django\db\models\fields\related_descriptors.py first seen with mtime 1622524228.854466
DEBUG File E:\Python\Envs\doubledb\Lib\site-packages\django\core\checks\security\base.py first seen with mtime 1622524228.7532456
DEBUG File C:\Users\Akash\AppData\Local\Programs\Python\Python38\DLLs\_bz2.pyd first seen with mtime 1589389976.0
DEBUG File E:\Python\Envs\doubledb\Lib\site-packages\django\core\signing.py first seen with mtime 1622524228.7402453
DEBUG File E:\Python\Envs\doubledb\Lib\site-packages\django\template\smartif.py first seen with mtime 1622524228.9200485
DEBUG File E:\Python\Envs\doubledb\Lib\site-packages\django\db\models\functions\math.py first seen with mtime 1622524228.8584654
DEBUG File E:\Python\Envs\doubledb\Lib\site-packages\django\urls\base.py first seen with mtime 1622524228.9371712
DEBUG File E:\Python\Envs\doubledb\Lib\site-packages\sqlparse\engine\statement_splitter.py first seen with mtime 1636372640.9634562
DEBUG File E:\Python\Envs\doubledb\Lib\site-packages\sqlparse\cli.py first seen with mtime 1636372640.955128
DEBUG File C:\Users\Akash\AppData\Local\Programs\Python\Python38\Lib\wsgiref\simple_server.py first seen with mtime 1589389960.0
DEBUG File E:\Python\Envs\doubledb\Lib\site-packages\django\templatetags\__init__.py first seen with mtime 1622524228.9270484
DEBUG File E:\Python\Envs\doubledb\Lib\site-packages\django\db\backends\base\creation.py first seen with mtime 1622524228.7994657
DEBUG File C:\Users\Akash\AppData\Local\Programs\Python\Python38\Lib\concurrent\__init__.py first seen with mtime 1589389958.0
DEBUG File E:\Python\Envs\doubledb\Lib\site-packages\django\db\backends\sqlite3\introspection.py first seen with mtime 1622524228.8264658
DEBUG File E:\Python\Envs\doubledb\Lib\site-packages\django\template\engine.py first seen with mtime 1622524228.9170487
DEBUG File E:\Python\Envs\doubledb\Lib\site-packages\django\contrib\contenttypes\forms.py first seen with mtime 1622524227.5064645
DEBUG File E:\Python\Envs\doubledb\Lib\site-packages\django\utils\timesince.py first seen with mtime 1622524228.961843
DEBUG File C:\Users\Akash\AppData\Local\Programs\Python\Python38\Lib\_collections_abc.py first seen with mtime 1589389958.0
DEBUG File C:\Users\Akash\AppData\Local\Programs\Python\Python38\Lib\email\parser.py first seen with mtime 1589389958.0
DEBUG File E:\Python\Envs\doubledb\Lib\site-packages\django\core\checks\templates.py first seen with mtime 1622524228.7502453
DEBUG File C:\Users\Akash\AppData\Local\Programs\Python\Python38\Lib\json\decoder.py first seen with mtime 1589389958.0
DEBUG File E:\Python\Envs\doubledb\Lib\site-packages\django\utils\regex_helper.py first seen with mtime 1622524228.9598427
DEBUG File E:\Python\Envs\doubledb\Lib\site-packages\django\conf\locale\__init__.py first seen with mtime 1622524226.576991
DEBUG File E:\Python\Envs\doubledb\Lib\site-packages\django\core\files\__init__.py first seen with mtime 1622524228.7552454
DEBUG File E:\Python\Envs\doubledb\Lib\site-packages\django\apps\registry.py first seen with mtime 1622524226.5686035
DEBUG File C:\Users\Akash\AppData\Local\Programs\Python\Python38\Lib\collections\__init__.py first seen with mtime 1589389958.0
DEBUG File C:\Users\Akash\AppData\Local\Programs\Python\Python38\DLLs\_hashlib.pyd first seen with mtime 1589389976.0
DEBUG File E:\Python\Envs\doubledb\Lib\site-packages\django\db\models\fields\related.py first seen with mtime 1622524228.8534658
DEBUG File C:\Users\Akash\AppData\Local\Programs\Python\Python38\Lib\weakref.py first seen with mtime 1589389960.0
DEBUG File E:\Python\Personal\django_logger\manage.py first seen with mtime 1646719976.343541
DEBUG File E:\Python\Envs\doubledb\Lib\site-packages\django\db\backends\base\client.py first seen with mtime 1622524228.7984657
DEBUG File C:\Users\Akash\AppData\Local\Programs\Python\Python38\Lib\sqlite3\dbapi2.py first seen with mtime 1589389960.0
DEBUG File E:\Python\Envs\doubledb\Lib\site-packages\django\db\models\sql\constants.py first seen with mtime 1622524228.8624659
DEBUG File E:\Python\Envs\doubledb\Lib\site-packages\django\contrib\contenttypes\apps.py first seen with mtime 1622524227.5044644
DEBUG File E:\Python\Envs\doubledb\Lib\site-packages\django\core\management\commands\__init__.py first seen with mtime 1622524228.7722454
DEBUG File E:\Python\Envs\doubledb\Lib\site-packages\django\contrib\sessions\middleware.py first seen with mtime 1622524228.4269624
DEBUG File C:\Users\Akash\AppData\Local\Programs\Python\Python38\Lib\email\_encoded_words.py first seen with mtime 1589389958.0
DEBUG File C:\Users\Akash\AppData\Local\Programs\Python\Python38\Lib\glob.py first seen with mtime 1589389958.0
DEBUG File E:\Python\Envs\doubledb\Lib\site-packages\django\utils\translation\__init__.py first seen with mtime 1622524228.9658425
DEBUG File E:\Python\Envs\doubledb\Lib\site-packages\django\contrib\sessions\__init__.py first seen with mtime 1622524228.4249623
DEBUG File E:\Python\Envs\doubledb\Lib\site-packages\sqlparse\engine\grouping.py first seen with mtime 1636372640.9634562
DEBUG File E:\Python\Envs\doubledb\Lib\site-packages\django\template\loaders\base.py first seen with mtime 1622524228.9250486
DEBUG File C:\Users\Akash\AppData\Local\Programs\Python\Python38\Lib\fractions.py first seen with mtime 1589389958.0
DEBUG File C:\Users\Akash\AppData\Local\Programs\Python\Python38\Lib\distutils\version.py first seen with mtime 1589389958.0
DEBUG File E:\Python\Envs\doubledb\Lib\site-packages\django\contrib\contenttypes\checks.py first seen with mtime 1622524227.5054648
DEBUG File C:\Users\Akash\AppData\Local\Programs\Python\Python38\Lib\importlib\abc.py first seen with mtime 1589389958.0
DEBUG File C:\Users\Akash\AppData\Local\Programs\Python\Python38\Lib\unittest\async_case.py first seen with mtime 1589389960.0
DEBUG File E:\Python\Envs\doubledb\Lib\site-packages\django\db\backends\base\introspection.py first seen with mtime 1622524228.8004656
DEBUG File C:\Users\Akash\AppData\Local\Programs\Python\Python38\Lib\_weakrefset.py first seen with mtime 1589389958.0
DEBUG File C:\Users\Akash\AppData\Local\Programs\Python\Python38\Lib\logging\config.py first seen with mtime 1589389958.0
DEBUG File E:\Python\Envs\doubledb\Lib\site-packages\django\utils\inspect.py first seen with mtime 1622524228.954842
DEBUG File E:\Python\Envs\doubledb\Lib\site-packages\django\core\checks\caches.py first seen with mtime 1622524228.7482457
DEBUG File E:\Python\Envs\doubledb\Lib\site-packages\django\dispatch\dispatcher.py first seen with mtime 1622524228.8664658
DEBUG File C:\Users\Akash\AppData\Local\Programs\Python\Python38\Lib\os.py first seen with mtime 1589389960.0
DEBUG File E:\Python\Envs\doubledb\Lib\site-packages\django\db\models\sql\query.py first seen with mtime 1622524228.8634658
DEBUG File C:\Users\Akash\AppData\Local\Programs\Python\Python38\Lib\wsgiref\handlers.py first seen with mtime 1589389960.0
DEBUG File E:\Python\Envs\doubledb\Lib\site-packages\django\contrib\admin\templatetags\base.py first seen with mtime 1622524227.1999612
DEBUG File E:\Python\Envs\doubledb\Lib\site-packages\django\db\models\deletion.py first seen with mtime 1622524228.8424659
DEBUG File E:\Python\Envs\doubledb\Lib\site-packages\django\utils\__init__.py first seen with mtime 1622524228.9401712
DEBUG File C:\Users\Akash\AppData\Local\Programs\Python\Python38\Lib\logging\__init__.py first seen with mtime 1589389958.0
DEBUG File E:\Python\Envs\doubledb\Lib\site-packages\colorama\__init__.py first seen with mtime 1641815538.553182
DEBUG File C:\Users\Akash\AppData\Local\Programs\Python\Python38\Lib\unittest\result.py first seen with mtime 1589389960.0
DEBUG File E:\Python\Envs\doubledb\Lib\site-packages\django\core\checks\security\sessions.py first seen with mtime 1622524228.7542455
DEBUG File E:\Python\Envs\doubledb\Lib\site-packages\django\contrib\auth\signals.py first seen with mtime 1622524227.348822
DEBUG File E:\Python\Envs\doubledb\Lib\site-packages\django\templatetags\i18n.py first seen with mtime 1622524228.9290485
DEBUG File E:\Python\Envs\doubledb\Lib\site-packages\django\utils\crypto.py first seen with mtime 1622524228.945171
DEBUG File E:\Python\Envs\doubledb\Lib\site-packages\django\db\__init__.py first seen with mtime 1622524228.7934651
DEBUG File E:\Python\Envs\doubledb\Lib\site-packages\django\core\mail\utils.py first seen with mtime 1622524228.7642455
DEBUG File C:\Users\Akash\AppData\Local\Programs\Python\Python38\Lib\heapq.py first seen with mtime 1589389958.0
DEBUG File E:\Python\Envs\doubledb\Lib\site-packages\asgiref\current_thread_executor.py first seen with mtime 1622524226.5190144
DEBUG File E:\Python\Envs\doubledb\Lib\site-packages\django\http\multipartparser.py first seen with mtime 1622524228.905049
DEBUG File C:\Users\Akash\AppData\Local\Programs\Python\Python38\Lib\asyncio\transports.py first seen with mtime 1589389958.0
DEBUG File E:\Python\Envs\doubledb\Lib\site-packages\pytz\__init__.py first seen with mtime 1636372639.3578477
DEBUG File E:\Python\Envs\doubledb\Lib\site-packages\django\contrib\__init__.py first seen with mtime 1622524226.8086605
DEBUG File E:\Python\Envs\doubledb\Lib\site-packages\django\contrib\admin\views\main.py first seen with mtime 1622524227.2029614
DEBUG File C:\Users\Akash\AppData\Local\Programs\Python\Python38\Lib\copy.py first seen with mtime 1589389958.0
DEBUG File C:\Users\Akash\AppData\Local\Programs\Python\Python38\Lib\email\_policybase.py first seen with mtime 1589389958.0
DEBUG File C:\Users\Akash\AppData\Local\Programs\Python\Python38\Lib\concurrent\futures\_base.py first seen with mtime 1589389958.0
DEBUG File E:\Python\Envs\doubledb\Lib\site-packages\django\utils\http.py first seen with mtime 1622524228.954842
DEBUG File E:\Python\Envs\doubledb\Lib\site-packages\django\utils\autoreload.py first seen with mtime 1622524228.9421706
DEBUG File E:\Python\Envs\doubledb\Lib\site-packages\django\utils\datastructures.py first seen with mtime 1622524228.9461713
DEBUG File C:\Users\Akash\AppData\Local\Programs\Python\Python38\Lib\shutil.py first seen with mtime 1589389960.0
DEBUG File E:\Python\Envs\doubledb\Lib\site-packages\django\core\files\move.py first seen with mtime 1622524228.7572453
DEBUG File E:\Python\Envs\doubledb\Lib\site-packages\django\contrib\messages\__init__.py first seen with mtime 1622524228.177368
DEBUG File E:\Python\Envs\doubledb\Lib\site-packages\django\urls\conf.py first seen with mtime 1622524228.9371712
DEBUG File C:\Users\Akash\AppData\Local\Programs\Python\Python38\Lib\email\mime\multipart.py first seen with mtime 1589389958.0
DEBUG File C:\Users\Akash\AppData\Local\Programs\Python\Python38\Lib\enum.py first seen with mtime 1589389958.0
DEBUG File E:\Python\Envs\doubledb\Lib\site-packages\django\utils\itercompat.py first seen with mtime 1622524228.9558427
DEBUG File C:\Users\Akash\AppData\Local\Programs\Python\Python38\Lib\asyncio\exceptions.py first seen with mtime 1589389958.0
DEBUG File C:\Users\Akash\AppData\Local\Programs\Python\Python38\Lib\json\encoder.py first seen with mtime 1589389958.0
DEBUG File C:\Users\Akash\AppData\Local\Programs\Python\Python38\Lib\types.py first seen with mtime 1589389960.0
DEBUG File C:\Users\Akash\AppData\Local\Programs\Python\Python38\Lib\ipaddress.py first seen with mtime 1589389958.0
DEBUG File E:\Python\Envs\doubledb\Lib\site-packages\django\core\checks\security\__init__.py first seen with mtime 1622524228.7522454
DEBUG File E:\Python\Envs\doubledb\Lib\site-packages\django\forms\fields.py first seen with mtime 1622524228.8684657
DEBUG File E:\Python\Envs\doubledb\Lib\site-packages\django\db\models\fields\files.py first seen with mtime 1622524228.8514657
DEBUG File C:\Users\Akash\AppData\Local\Programs\Python\Python38\Lib\_compat_pickle.py first seen with mtime 1589389958.0
DEBUG File E:\Python\Envs\doubledb\Lib\site-packages\django\utils\hashable.py first seen with mtime 1622524228.9528427
DEBUG File E:\Python\Envs\doubledb\Lib\site-packages\django\core\cache\backends\filebased.py first seen with mtime 1622524228.7452457
DEBUG File E:\Python\Envs\doubledb\Lib\site-packages\django\views\debug.py first seen with mtime 1622524228.9698427
DEBUG File E:\Python\Envs\doubledb\Lib\site-packages\django\core\serializers\base.py first seen with mtime 1622524228.7874658
DEBUG File C:\Users\Akash\AppData\Local\Programs\Python\Python38\Lib\datetime.py first seen with mtime 1589389958.0
DEBUG File E:\Python\Envs\doubledb\Lib\site-packages\django\contrib\auth\models.py first seen with mtime 1622524227.3478222
DEBUG File E:\Python\Envs\doubledb\Lib\site-packages\django\core\checks\__init__.py first seen with mtime 1622524228.7472456
DEBUG File C:\Users\Akash\AppData\Local\Programs\Python\Python38\Lib\http\client.py first seen with mtime 1589389958.0
DEBUG File C:\Users\Akash\AppData\Local\Programs\Python\Python38\Lib\http\cookies.py first seen with mtime 1589389958.0
DEBUG File E:\Python\Envs\doubledb\Lib\site-packages\django\contrib\messages\storage\__init__.py first seen with mtime 1622524228.181368
DEBUG File C:\Users\Akash\AppData\Local\Programs\Python\Python38\Lib\json\scanner.py first seen with mtime 1589389958.0
DEBUG File E:\Python\Envs\doubledb\Lib\site-packages\django\contrib\messages\api.py first seen with mtime 1622524228.178368
DEBUG File E:\Python\Envs\doubledb\Lib\site-packages\django\template\defaulttags.py first seen with mtime 1622524228.916049
DEBUG File E:\Python\Envs\doubledb\Lib\site-packages\django\utils\asyncio.py first seen with mtime 1622524228.9421706
DEBUG File C:\Users\Akash\AppData\Local\Programs\Python\Python38\DLLs\_ssl.pyd first seen with mtime 1589389976.0
DEBUG File E:\Python\Envs\doubledb\Lib\site-packages\django\views\decorators\debug.py first seen with mtime 1622524228.9738426
DEBUG File C:\Users\Akash\AppData\Local\Programs\Python\Python38\Lib\encodings\__init__.py first seen with mtime 1589389958.0
DEBUG File C:\Users\Akash\AppData\Local\Programs\Python\Python38\Lib\asyncio\staggered.py first seen with mtime 1589389958.0
DEBUG File C:\Users\Akash\AppData\Local\Programs\Python\Python38\Lib\asyncio\locks.py first seen with mtime 1589389958.0
DEBUG File E:\Python\Envs\doubledb\Lib\site-packages\django\db\migrations\__init__.py first seen with mtime 1622524228.8274658
DEBUG File E:\Python\Envs\doubledb\Lib\site-packages\django\forms\boundfield.py first seen with mtime 1622524228.8674657
DEBUG File C:\Users\Akash\AppData\Local\Programs\Python\Python38\Lib\functools.py first seen with mtime 1589389958.0
DEBUG File E:\Python\Envs\doubledb\Lib\site-packages\sqlparse\formatter.py first seen with mtime 1636372640.955128
DEBUG File C:\Users\Akash\AppData\Local\Programs\Python\Python38\Lib\wsgiref\__init__.py first seen with mtime 1589389960.0
DEBUG File E:\Python\Envs\doubledb\Lib\site-packages\django\http\__init__.py first seen with mtime 1622524228.9040344
DEBUG File E:\Python\Envs\doubledb\Lib\site-packages\django\db\models\indexes.py first seen with mtime 1622524228.845466
DEBUG File E:\Python\Envs\doubledb\Lib\site-packages\django\http\response.py first seen with mtime 1622524228.9070485
DEBUG File E:\Python\Envs\doubledb\Lib\site-packages\django\utils\translation\reloader.py first seen with mtime 1622524228.9658425
DEBUG File E:\Python\Envs\doubledb\Lib\site-packages\django\db\backends\sqlite3\schema.py first seen with mtime 1622524228.8274658
DEBUG File E:\Python\Envs\doubledb\Lib\site-packages\sqlparse\utils.py first seen with mtime 1636372640.959384
DEBUG File E:\Python\Envs\doubledb\Lib\site-packages\django\db\backends\utils.py first seen with mtime 1622524228.7974665
DEBUG File C:\Users\Akash\AppData\Local\Programs\Python\Python38\Lib\email\policy.py first seen with mtime 1589389958.0
DEBUG File E:\Python\Personal\django_logger\employee\admin.py first seen with mtime 1646720382.9971223
DEBUG File E:\Python\Envs\doubledb\Lib\site-packages\django\template\loaders\app_directories.py first seen with mtime 1622524228.9250486
DEBUG File E:\Python\Envs\doubledb\Lib\site-packages\django\db\models\fields\related_lookups.py first seen with mtime 1622524228.8554657
DEBUG File E:\Python\Envs\doubledb\Lib\site-packages\django\views\generic\__init__.py first seen with mtime 1622524228.9768426
DEBUG File E:\Python\Envs\doubledb\Lib\site-packages\django\contrib\auth\middleware.py first seen with mtime 1622524227.3468225
DEBUG File E:\Python\Envs\doubledb\Lib\site-packages\django\db\models\expressions.py first seen with mtime 1622524228.8444655
DEBUG File E:\Python\Envs\doubledb\Lib\site-packages\django\db\models\utils.py first seen with mtime 1622524228.849465
DEBUG File C:\Users\Akash\AppData\Local\Programs\Python\Python38\Lib\importlib\__init__.py first seen with mtime 1589389958.0
DEBUG File E:\Python\Envs\doubledb\Lib\site-packages\django\contrib\staticfiles\views.py first seen with mtime 1622524228.732245
DEBUG File C:\Users\Akash\AppData\Local\Programs\Python\Python38\DLLs\_sqlite3.pyd first seen with mtime 1589389976.0
DEBUG File E:\Python\Envs\doubledb\Lib\site-packages\django\contrib\auth\__init__.py first seen with mtime 1622524227.3398225
DEBUG File C:\Users\Akash\AppData\Local\Programs\Python\Python38\Lib\encodings\latin_1.py first seen with mtime 1589389958.0
DEBUG File C:\Users\Akash\AppData\Local\Programs\Python\Python38\Lib\asyncio\subprocess.py first seen with mtime 1589389958.0
DEBUG File E:\Python\Envs\doubledb\Lib\site-packages\django\core\checks\registry.py first seen with mtime 1622524228.7502453
DEBUG File C:\Users\Akash\AppData\Local\Programs\Python\Python38\Lib\email\quoprimime.py first seen with mtime 1589389958.0
DEBUG File C:\Users\Akash\AppData\Local\Programs\Python\Python38\Lib\ntpath.py first seen with mtime 1589389960.0
DEBUG File E:\Python\Envs\doubledb\Lib\site-packages\django\db\models\functions\window.py first seen with mtime 1622524228.860466
DEBUG File E:\Python\Envs\doubledb\Lib\site-packages\django\core\servers\__init__.py first seen with mtime 1622524228.7924657
DEBUG File E:\Python\Envs\doubledb\Lib\site-packages\django\contrib\admin\templatetags\__init__.py first seen with mtime 1622524227.1969614
DEBUG File E:\Python\Envs\doubledb\Lib\site-packages\django\contrib\admin\views\autocomplete.py first seen with mtime 1622524227.2009616
DEBUG File E:\Python\Envs\doubledb\Lib\site-packages\django\utils\baseconv.py first seen with mtime 1622524228.9431705
DEBUG File E:\Python\Envs\doubledb\Lib\site-packages\django\templatetags\l10n.py first seen with mtime 1622524228.9290485
DEBUG File E:\Python\Envs\doubledb\Lib\site-packages\django\contrib\contenttypes\fields.py first seen with mtime 1622524227.5054648
DEBUG File E:\Python\Envs\doubledb\Lib\site-packages\django\template\utils.py first seen with mtime 1622524228.9210484
DEBUG File C:\Users\Akash\AppData\Local\Programs\Python\Python38\Lib\email\errors.py first seen with mtime 1589389958.0
DEBUG File C:\Users\Akash\AppData\Local\Programs\Python\Python38\Lib\hashlib.py first seen with mtime 1589389958.0
DEBUG File E:\Python\Envs\doubledb\Lib\site-packages\django\core\files\utils.py first seen with mtime 1622524228.7602448
DEBUG File E:\Python\Envs\doubledb\Lib\site-packages\django\utils\formats.py first seen with mtime 1622524228.9518428
DEBUG File E:\Python\Envs\doubledb\Lib\site-packages\django\contrib\admin\models.py first seen with mtime 1622524226.8166647
DEBUG File E:\Python\Envs\doubledb\Lib\site-packages\pytz\lazy.py first seen with mtime 1636372639.3578477
DEBUG File E:\Python\Envs\doubledb\Lib\site-packages\django\db\backends\base\schema.py first seen with mtime 1622524228.8024662
DEBUG File C:\Users\Akash\AppData\Local\Programs\Python\Python38\Lib\sre_compile.py first seen with mtime 1589389960.0
DEBUG File C:\Users\Akash\AppData\Local\Programs\Python\Python38\Lib\traceback.py first seen with mtime 1589389960.0
DEBUG File E:\Python\Envs\doubledb\Lib\site-packages\django\db\backends\sqlite3\__init__.py first seen with mtime 1622524228.8224657
DEBUG File C:\Users\Akash\AppData\Local\Programs\Python\Python38\Lib\email\_parseaddr.py first seen with mtime 1589389958.0
DEBUG File E:\Python\Envs\doubledb\Lib\site-packages\django\db\models\sql\subqueries.py first seen with mtime 1622524228.8644657
DEBUG File E:\Python\Envs\doubledb\Lib\site-packages\colorama\win32.py first seen with mtime 1641815538.558166
DEBUG File E:\Python\Envs\doubledb\Lib\site-packages\django\db\models\functions\comparison.py first seen with mtime 1622524228.8574655
DEBUG File E:\Python\Envs\doubledb\Lib\site-packages\django\contrib\contenttypes\admin.py first seen with mtime 1622524227.5044644
DEBUG File E:\Python\Envs\doubledb\Lib\site-packages\django\contrib\staticfiles\finders.py first seen with mtime 1622524228.7292457
DEBUG File C:\Users\Akash\AppData\Local\Programs\Python\Python38\Lib\email\headerregistry.py first seen with mtime 1589389958.0
DEBUG File C:\Users\Akash\AppData\Local\Programs\Python\Python38\Lib\site.py first seen with mtime 1589389960.0
DEBUG File E:\Python\Envs\doubledb\Lib\site-packages\django\contrib\admin\widgets.py first seen with mtime 1622524226.8206592
DEBUG File E:\Python\Envs\doubledb\Lib\site-packages\django\contrib\sites\shortcuts.py first seen with mtime 1622524228.5768225
DEBUG File C:\Users\Akash\AppData\Local\Programs\Python\Python38\Lib\pathlib.py first seen with mtime 1589389960.0
DEBUG File C:\Users\Akash\AppData\Local\Programs\Python\Python38\Lib\selectors.py first seen with mtime 1589389960.0
DEBUG File E:\Python\Envs\doubledb\Lib\site-packages\django\db\models\aggregates.py first seen with mtime 1622524228.8404658
DEBUG File C:\Users\Akash\AppData\Local\Programs\Python\Python38\Lib\calendar.py first seen with mtime 1589389958.0
DEBUG File C:\Users\Akash\AppData\Local\Programs\Python\Python38\Lib\concurrent\futures\thread.py first seen with mtime 1589389958.0
DEBUG File E:\Python\Envs\doubledb\Lib\site-packages\django\template\backends\base.py first seen with mtime 1622524228.9220486
DEBUG File E:\Python\Envs\doubledb\Lib\site-packages\django\contrib\admin\options.py first seen with mtime 1622524226.8176646
DEBUG File E:\Python\Envs\doubledb\Lib\site-packages\django\core\serializers\__init__.py first seen with mtime 1622524228.786466
DEBUG File E:\Python\Envs\doubledb\Lib\site-packages\django\core\serializers\python.py first seen with mtime 1622524228.7904756
DEBUG File E:\Python\Envs\doubledb\Lib\site-packages\django\db\models\enums.py first seen with mtime 1622524228.843465
DEBUG File E:\Python\Personal\django_logger\employee\apps.py first seen with mtime 1646720382.9981196
DEBUG File C:\Users\Akash\AppData\Local\Programs\Python\Python38\Lib\asyncio\trsock.py first seen with mtime 1589389958.0
DEBUG File E:\Python\Envs\doubledb\Lib\site-packages\django\utils\text.py first seen with mtime 1622524228.9608426
DEBUG File C:\Users\Akash\AppData\Local\Programs\Python\Python38\Lib\asyncio\selector_events.py first seen with mtime 1589389958.0
DEBUG File E:\Python\Envs\doubledb\Lib\site-packages\django\core\checks\security\csrf.py first seen with mtime 1622524228.7542455
DEBUG File C:\Users\Akash\AppData\Local\Programs\Python\Python38\Lib\asyncio\futures.py first seen with mtime 1589389958.0
DEBUG File E:\Python\Envs\doubledb\Lib\site-packages\django\contrib\admin\sites.py first seen with mtime 1622524226.8186696
DEBUG File E:\Python\Envs\doubledb\Lib\site-packages\sqlparse\exceptions.py first seen with mtime 1636372640.955128
DEBUG File C:\Users\Akash\AppData\Local\Programs\Python\Python38\Lib\io.py first seen with mtime 1589389958.0
DEBUG File E:\Python\Envs\doubledb\Lib\site-packages\django\db\utils.py first seen with mtime 1622524228.7954657
DEBUG File E:\Python\Envs\doubledb\Lib\site-packages\django\db\backends\base\__init__.py first seen with mtime 1622524228.7974665
DEBUG File C:\Users\Akash\AppData\Local\Programs\Python\Python38\Lib\secrets.py first seen with mtime 1589389960.0
DEBUG File C:\Users\Akash\AppData\Local\Programs\Python\Python38\Lib\token.py first seen with mtime 1589389960.0
DEBUG File E:\Python\Envs\doubledb\Lib\site-packages\django\contrib\admin\__init__.py first seen with mtime 1622524226.8096602
DEBUG File C:\Users\Akash\AppData\Local\Programs\Python\Python38\Lib\unittest\signals.py first seen with mtime 1589389960.0
DEBUG File E:\Python\Envs\doubledb\Lib\site-packages\django\contrib\auth\base_user.py first seen with mtime 1622524227.3428223
DEBUG File E:\Python\Envs\doubledb\Lib\site-packages\django\db\models\sql\where.py first seen with mtime 1622524228.8644657
DEBUG File E:\Python\Envs\doubledb\Lib\site-packages\django\core\management\base.py first seen with mtime 1622524228.7692454
DEBUG File E:\Python\Envs\doubledb\Lib\site-packages\django\db\transaction.py first seen with mtime 1622524228.794466
DEBUG File E:\Python\Envs\doubledb\Lib\site-packages\django\shortcuts.py first seen with mtime 1622524226.5660145
DEBUG File E:\Python\Envs\doubledb\Lib\site-packages\django\contrib\staticfiles\handlers.py first seen with mtime 1622524228.7292457
DEBUG File C:\Users\Akash\AppData\Local\Programs\Python\Python38\Lib\wsgiref\util.py first seen with mtime 1589389960.0
DEBUG File C:\Users\Akash\AppData\Local\Programs\Python\Python38\Lib\socket.py first seen with mtime 1589389960.0
DEBUG File C:\Users\Akash\AppData\Local\Programs\Python\Python38\Lib\email\mime\base.py first seen with mtime 1589389958.0
DEBUG File E:\Python\Personal\django_logger\templates\employee first seen with mtime 1646723645.1590497
DEBUG File E:\Python\Personal\django_logger\templates\employee\add_employee.html first seen with mtime 1646723645.1590497
DEBUG File E:\Python\Personal\django_logger\employee\templates\add_employee.py first seen with mtime 1646721967.8309572
DEBUG File E:\Python\Personal\django_logger\employee\migrations\__init__.py first seen with mtime 1646720383.0014634
DEBUG File E:\Python\Envs\doubledb\Lib\site-packages\django\db\migrations\graph.py first seen with mtime 1622524228.8304658
DEBUG File E:\Python\Envs\doubledb\Lib\site-packages\django\contrib\admin\migrations\__init__.py first seen with mtime 1622524227.0826848
DEBUG File E:\Python\Envs\doubledb\Lib\site-packages\django\contrib\auth\migrations\0002_alter_permission_name_max_length.py first seen with mtime 1622524227.4954405
DEBUG File E:\Python\Envs\doubledb\Lib\site-packages\django\contrib\auth\migrations\0007_alter_validators_add_error_messages.py first seen with mtime 1622524227.4984643
DEBUG File E:\Python\Envs\doubledb\Lib\site-packages\django\contrib\auth\migrations\0004_alter_user_username_opts.py first seen with mtime 1622524227.496465
DEBUG File E:\Python\Envs\doubledb\Lib\site-packages\django\contrib\auth\migrations\0010_alter_group_name_max_length.py first seen with mtime 1622524227.5004644
DEBUG File E:\Python\Envs\doubledb\Lib\site-packages\django\db\migrations\loader.py first seen with mtime 1622524228.8314657
DEBUG File E:\Python\Personal\django_logger\employee\migrations\0001_initial.py first seen with mtime 1646721611.0792985
DEBUG File E:\Python\Envs\doubledb\Lib\site-packages\django\db\migrations\recorder.py first seen with mtime 1622524228.8334658
DEBUG File E:\Python\Envs\doubledb\Lib\site-packages\django\contrib\auth\migrations\__init__.py first seen with mtime 1622524227.5014646
DEBUG File E:\Python\Envs\doubledb\Lib\site-packages\django\contrib\auth\migrations\0009_alter_user_last_name_max_length.py first seen with mtime 1622524227.4994645
DEBUG File E:\Python\Envs\doubledb\Lib\site-packages\django\contrib\auth\migrations\0011_update_proxy_permissions.py first seen with mtime 1622524227.5004644
DEBUG File E:\Python\Envs\doubledb\Lib\site-packages\django\middleware\common.py first seen with mtime 1622524228.9090486
DEBUG File E:\Python\Envs\doubledb\Lib\site-packages\django\views\defaults.py first seen with mtime 1622524228.9698427
DEBUG File E:\Python\Envs\doubledb\Lib\site-packages\django\db\models\sql\compiler.py first seen with mtime 1622524228.8614657
DEBUG File E:\Python\Envs\doubledb\Lib\site-packages\django\contrib\admin\migrations\0002_logentry_remove_auto_add.py first seen with mtime 1622524227.081685
DEBUG File E:\Python\Envs\doubledb\Lib\site-packages\django\contrib\admin\migrations\0001_initial.py first seen with mtime 1622524227.081685
DEBUG File E:\Python\Envs\doubledb\Lib\site-packages\django\contrib\auth\migrations\0008_alter_user_username_max_length.py first seen with mtime 1622524227.4994645
DEBUG File E:\Python\Personal\django_logger\django_logger\wsgi.py first seen with mtime 1646719976.3475275
DEBUG File E:\Python\Envs\doubledb\Lib\site-packages\django\contrib\contenttypes\migrations\__init__.py first seen with mtime 1622524227.6398542
DEBUG File E:\Python\Envs\doubledb\Lib\site-packages\django\contrib\auth\migrations\0012_alter_user_first_name_max_length.py first seen with mtime 1622524227.5014646
DEBUG File E:\Python\Envs\doubledb\Lib\site-packages\django\middleware\clickjacking.py first seen with mtime 1622524228.9080484
DEBUG File C:\Users\Akash\AppData\Local\Programs\Python\Python38\Lib\stringprep.py first seen with mtime 1589389960.0
DEBUG File E:\Python\Envs\doubledb\Lib\site-packages\django\db\migrations\executor.py first seen with mtime 1622524228.8294656
DEBUG File E:\Python\Envs\doubledb\Lib\site-packages\django\contrib\sessions\migrations\__init__.py first seen with mtime 1622524228.564823
DEBUG File E:\Python\Envs\doubledb\Lib\site-packages\django\contrib\auth\migrations\0003_alter_user_email_max_length.py first seen with mtime 1622524227.496465
DEBUG File E:\Python\Envs\doubledb\Lib\site-packages\django\contrib\auth\migrations\0001_initial.py first seen with mtime 1622524227.4954143
DEBUG File E:\Python\Envs\doubledb\Lib\site-packages\django\contrib\messages\middleware.py first seen with mtime 1622524228.180368
DEBUG File E:\Python\Envs\doubledb\Lib\site-packages\django\contrib\sessions\migrations\0001_initial.py first seen with mtime 1622524228.564823
DEBUG File E:\Python\Envs\doubledb\Lib\site-packages\django\contrib\contenttypes\migrations\0002_remove_content_type_name.py first seen with mtime 1622524227.6398542
DEBUG File E:\Python\Envs\doubledb\Lib\site-packages\django\conf\urls\__init__.py first seen with mtime 1622524226.8076606
DEBUG File E:\Python\Envs\doubledb\Lib\site-packages\django\contrib\auth\migrations\0006_require_contenttypes_0002.py first seen with mtime 1622524227.4984643
DEBUG File C:\Users\Akash\AppData\Local\Programs\Python\Python38\Lib\encodings\idna.py first seen with mtime 1589389958.0
DEBUG File E:\Python\Envs\doubledb\Lib\site-packages\django\contrib\auth\migrations\0005_alter_user_last_login_null.py first seen with mtime 1622524227.497465
DEBUG File E:\Python\Envs\doubledb\Lib\site-packages\django\contrib\sessions\backends\db.py first seen with mtime 1622524228.4309623
DEBUG File E:\Python\Envs\doubledb\Lib\site-packages\django\contrib\contenttypes\migrations\0001_initial.py first seen with mtime 1622524227.6388543
DEBUG File E:\Python\Envs\doubledb\Lib\site-packages\django\contrib\admin\migrations\0003_logentry_add_action_flag_choices.py first seen with mtime 1622524227.0826848
INFO "POST /employee/add HTTP/1.1" 200 527
DEBUG File E:\Python\Envs\doubledb\Lib\site-packages\django\contrib\sessions\serializers.py first seen with mtime 1622524228.4279623
DEBUG File E:\Python\Envs\doubledb\Lib\site-packages\django\contrib\messages\storage\cookie.py first seen with mtime 1622524228.1833682
DEBUG File E:\Python\Envs\doubledb\Lib\site-packages\django\contrib\messages\storage\fallback.py first seen with mtime 1622524228.1833682
DEBUG File E:\Python\Envs\doubledb\Lib\site-packages\django\template\context_processors.py first seen with mtime 1622524228.9150484
DEBUG File E:\Python\Envs\doubledb\Lib\site-packages\django\contrib\messages\utils.py first seen with mtime 1622524228.180368
DEBUG File E:\Python\Envs\doubledb\Lib\site-packages\django\contrib\messages\storage\session.py first seen with mtime 1622524228.184368
DEBUG File E:\Python\Envs\doubledb\Lib\site-packages\django\contrib\messages\storage\base.py first seen with mtime 1622524228.182368
DEBUG File E:\Python\Envs\doubledb\Lib\site-packages\django\contrib\auth\context_processors.py first seen with mtime 1622524227.344822
DEBUG File E:\Python\Envs\doubledb\Lib\site-packages\django\contrib\messages\context_processors.py first seen with mtime 1622524228.179368
